<?xml version="1.0" encoding="UTF-8"?>
<!-- Generated by org.testng.reporters.JUnitReportReporter -->
<testsuite hostname="DESKTOP-9UCUNCM" failures="0" tests="1" name="com.rajdhakal.oauth.OauthTest" time="3.286" errors="0" timestamp="2023-02-01T15:37:16 PST" skipped="0">
  <testcase classname="com.rajdhakal.oauth.OauthTest" name="oauthPractice" time="3.286"/>
  <system-out/>
</testsuite> <!-- com.rajdhakal.oauth.OauthTest -->
