<?xml version="1.0" encoding="UTF-8"?>
<!-- Generated by org.testng.reporters.JUnitReportReporter -->
<testsuite hostname="DESKTOP-9UCUNCM" failures="0" tests="1" name="com.rajdhakal.testCases.PracticeSession" time="5.720" errors="0" timestamp="2023-01-28T19:46:29 PST" skipped="0">
  <testcase classname="com.rajdhakal.testCases.PracticeSession" name="addPlace" time="5.720"/>
  <system-out/>
</testsuite> <!-- com.rajdhakal.testCases.PracticeSession -->
