<?xml version="1.0" encoding="UTF-8"?>
<!-- Generated by org.testng.reporters.JUnitReportReporter -->
<testsuite hostname="DESKTOP-9UCUNCM" failures="0" tests="3" name="com.rajdhakal.testCases.LibraryAPIProject" time="3.776" errors="0" timestamp="2023-01-15T18:11:07 PST" skipped="0">
  <testcase classname="com.rajdhakal.testCases.LibraryAPIProject" name="addBook" time="0.619"/>
  <system-out/>
  <testcase classname="com.rajdhakal.testCases.LibraryAPIProject" name="addBook" time="0.612"/>
  <system-out/>
  <testcase classname="com.rajdhakal.testCases.LibraryAPIProject" name="addBook" time="2.545"/>
  <system-out/>
</testsuite> <!-- com.rajdhakal.testCases.LibraryAPIProject -->
