<?xml version="1.0" encoding="UTF-8"?>
<!-- Generated by org.testng.reporters.JUnitReportReporter -->
<testsuite hostname="DESKTOP-9UCUNCM" failures="0" tests="2" name="com.rajdhakal.testCases.ComplexJsonParse" time="1.136" errors="0" timestamp="2023-01-28T20:04:24 PST" skipped="0">
  <testcase classname="com.rajdhakal.testCases.ComplexJsonParse" name="printAll" time="1.135"/>
  <system-out/>
  <testcase classname="com.rajdhakal.testCases.ComplexJsonParse" name="sumAll" time="0.001"/>
  <system-out/>
</testsuite> <!-- com.rajdhakal.testCases.ComplexJsonParse -->
