<?xml version="1.0" encoding="UTF-8"?>
<!-- Generated by org.testng.reporters.JUnitReportReporter -->
<testsuite hostname="DESKTOP-9UCUNCM" failures="0" tests="1" name="com.rajdhakal.jiraapi.login" time="2.345" errors="0" timestamp="2023-01-17T19:21:30 PST" skipped="0">
  <testcase classname="com.rajdhakal.jiraapi.login" name="createIssues" time="2.345"/>
  <system-out/>
</testsuite> <!-- com.rajdhakal.jiraapi.login -->
