<?xml version="1.0" encoding="UTF-8"?>
<!-- Generated by org.testng.reporters.JUnitReportReporter -->
<testsuite hostname="DESKTOP-9UCUNCM" failures="0" tests="1" name="com.rajdhakal.testCases.Revision" time="2.441" errors="0" timestamp="2023-01-11T10:43:00 PST" skipped="0">
  <testcase classname="com.rajdhakal.testCases.Revision" name="api" time="2.441"/>
  <system-out/>
</testsuite> <!-- com.rajdhakal.testCases.Revision -->
