<?xml version="1.0" encoding="UTF-8"?>
<!-- Generated by org.testng.reporters.JUnitReportReporter -->
<testsuite hostname="DESKTOP-9UCUNCM" failures="0" tests="1" name="com.rajdhakal.pojoANDSerialization.SerializeTest" time="2.633" errors="0" timestamp="2023-02-03T17:45:55 PST" skipped="0">
  <testcase classname="com.rajdhakal.pojoANDSerialization.SerializeTest" name="serialization" time="2.633"/>
  <system-out/>
</testsuite> <!-- com.rajdhakal.pojoANDSerialization.SerializeTest -->
